
2009-04-18 12:42:05 Debug: Notice (8): Undefined index:  lotr_alias in [APP\controllers\accounts_controller.php, line 149]
2009-04-18 12:42:56 Debug: Notice (8): Undefined variable: member in [APP\views\elements\email\text\request_new_password.ctp, line 1]
2009-04-18 12:43:58 Debug: Notice (8): Undefined variable: member in [APP\views\elements\email\text\request_new_password.ctp, line 1]
2009-04-18 12:46:45 Debug: Notice (8): Undefined variable: member in [APP\views\elements\email\text\request_new_password.ctp, line 1]
2009-04-18 12:53:15 Debug: Notice (8): Undefined variable: member in [APP\views\elements\email\text\request_new_password.ctp, line 1]
2009-04-18 12:54:55 Debug: Notice (8): Undefined index:  name in [APP\views\elements\email\text\request_new_password.ctp, line 1]
2009-04-18 12:54:55 Debug: Notice (8): Undefined index:  lastname in [APP\views\elements\email\text\request_new_password.ctp, line 1]
2009-04-18 12:55:28 Debug: Notice (8): Undefined index:  name in [APP\views\elements\email\text\request_new_password.ctp, line 1]
2009-04-18 12:55:28 Debug: Notice (8): Undefined index:  lastname in [APP\views\elements\email\text\request_new_password.ctp, line 1]
2009-04-18 12:55:54 Debug: Notice (8): Undefined property: AccountsController::$Member in [APP\controllers\accounts_controller.php, line 103]
2009-04-18 13:15:29 Debug: Notice (8): Undefined index:  name in [APP\views\elements\email\text\request_new_password.ctp, line 1]
2009-04-18 13:15:29 Debug: Notice (8): Undefined index:  lastname in [APP\views\elements\email\text\request_new_password.ctp, line 1]
2009-04-18 13:16:50 Debug: Notice (8): Undefined index:  name in [APP\views\elements\email\text\request_new_password.ctp, line 1]
2009-04-18 13:16:50 Debug: Notice (8): Undefined index:  lastname in [APP\views\elements\email\text\request_new_password.ctp, line 1]
2009-04-18 13:18:52 Debug: Notice (8): Undefined property: PasswordConfirmation::$passwordConfirmation in [APP\controllers\accounts_controller.php, line 97]
2009-04-18 13:19:32 Debug: Notice (8): Undefined variable: accountId in [APP\controllers\accounts_controller.php, line 98]
2009-04-18 13:20:27 Debug: Notice (8): Undefined variable: member in [APP\views\elements\email\text\new_password.ctp, line 1]
2009-04-18 13:20:27 Debug: Notice (8): Undefined variable: member in [APP\views\elements\email\text\new_password.ctp, line 5]
2009-04-18 13:27:59 Debug: Notice (8): Undefined index:  Member in [APP\controllers\accounts_controller.php, line 71]
2009-04-18 13:28:45 Debug: Notice (8): Undefined index:  Member in [APP\views\elements\email\text\new_member_password.ctp, line 1]
2009-04-18 14:07:29 Debug: Notice (8): Array to string conversion in [CORE\cake\libs\model\datasources\dbo_source.php, line 582]
2009-04-18 14:08:45 Debug: Notice (8): Undefined index:  RegistrationDetails in [APP\controllers\members_controller.php, line 25]
2009-04-18 14:09:02 Debug: Notice (8): Undefined index:  RegistrationDetails in [APP\controllers\members_controller.php, line 25]
2009-04-18 14:09:02 Debug: Notice (8): Array to string conversion in [CORE\cake\libs\model\datasources\dbo_source.php, line 582]
2009-04-18 16:05:12 Debug: Notice (8): Undefined variable: html in [APP\views\layouts\default.ctp, line 30]
2009-04-18 16:05:47 Debug: Notice (8): Undefined variable: html in [APP\views\layouts\default.ctp, line 30]
2009-04-18 16:07:13 Debug: Notice (8): Undefined variable: html in [APP\views\layouts\default.ctp, line 30]
2009-04-18 16:10:59 Debug: Notice (8): Undefined variable: members in [APP\views\members\search.ctp, line 2]
2009-04-18 16:11:05 Debug: Notice (8): Undefined variable: members in [APP\views\members\search.ctp, line 2]
2009-04-18 16:11:06 Debug: Notice (8): Undefined variable: members in [APP\views\members\search.ctp, line 2]
2009-04-18 16:11:36 Debug: Notice (8): Undefined variable: members in [APP\views\members\search.ctp, line 2]
2009-04-18 16:12:22 Debug: Notice (8): Undefined variable: members in [APP\views\members\search.ctp, line 2]
2009-04-18 16:12:25 Debug: Notice (8): Undefined variable: members in [APP\views\members\search.ctp, line 2]
2009-04-18 16:12:25 Debug: Notice (8): Undefined variable: members in [APP\views\members\search.ctp, line 2]
2009-04-18 16:12:28 Debug: Notice (8): Undefined variable: members in [APP\views\members\search.ctp, line 2]
2009-04-18 16:14:09 Debug: Notice (8): Undefined variable: members in [APP\views\members\search.ctp, line 2]
2009-04-18 16:46:30 Debug: Notice (8): Undefined property: AccountsController::$Member in [APP\controllers\accounts_controller.php, line 67]
2009-04-18 16:46:50 Debug: Notice (8): Undefined property: AccountsController::$Member in [APP\controllers\accounts_controller.php, line 67]
2009-04-18 17:09:19 Debug: Notice (8): Undefined variable: html in [APP\views\layouts\default.ctp, line 30]
2009-04-18 17:10:05 Debug: Notice (8): Undefined variable: html in [APP\views\layouts\default.ctp, line 30]
2009-04-18 17:10:33 Debug: Notice (8): Undefined variable: javascript in [APP\views\layouts\default.ctp, line 37]
