2008-08-09 16:17:09 Notice: Notice (1024): Please change the value of 'Security.salt' in app/config/core.php to a salt value specific to your application in [CORE/cake/libs/debugger.php, line 522]
2008-08-11 11:48:57 Notice: Notice (8): Trying to get property of non-object in [APP/controllers/users_controller.php, line 13]
2008-08-11 12:16:38 Notice: Notice (8): Undefined index:  data in [APP/controllers/users_controller.php, line 16]
2008-08-11 22:01:04 Notice: Notice (8): Undefined index:  data in [APP/controllers/users_controller.php, line 16]
2008-08-11 22:22:45 Notice: Notice (8): Undefined index:  data in [APP/controllers/users_controller.php, line 16]
2008-08-11 22:55:12 Notice: Notice (8): Undefined index:  data in [APP/controllers/users_controller.php, line 43]
2008-08-11 22:55:18 Notice: Notice (8): Undefined index:  name in [APP/views/elements/email/text/simple_message.ctp, line 1]
2008-08-11 22:55:18 Notice: Notice (8): Undefined index:  surname in [APP/views/elements/email/text/simple_message.ctp, line 1]
2008-08-11 22:55:18 Notice: Notice (8): Undefined index:  name in [APP/views/elements/email/text/simple_message.ctp, line 7]
2008-08-11 22:55:18 Notice: Notice (8): Undefined index:  surname in [APP/views/elements/email/text/simple_message.ctp, line 7]
2008-08-12 12:20:37 Notice: Notice (8): Undefined index:  data in [APP/controllers/users_controller.php, line 44]
2008-08-12 12:20:47 Notice: Notice (8): Undefined index:  name in [APP/views/elements/email/text/simple_message.ctp, line 1]
2008-08-12 12:20:47 Notice: Notice (8): Undefined index:  surname in [APP/views/elements/email/text/simple_message.ctp, line 1]
2008-08-12 12:20:47 Notice: Notice (8): Undefined index:  name in [APP/views/elements/email/text/simple_message.ctp, line 7]
2008-08-12 12:20:47 Notice: Notice (8): Undefined index:  surname in [APP/views/elements/email/text/simple_message.ctp, line 7]
2008-08-12 12:22:16 Notice: Notice (8): Undefined index:  data in [APP/controllers/users_controller.php, line 44]
2008-08-12 12:22:22 Notice: Notice (8): Undefined index:  name in [APP/views/elements/email/text/simple_message.ctp, line 1]
2008-08-12 12:22:22 Notice: Notice (8): Undefined index:  surname in [APP/views/elements/email/text/simple_message.ctp, line 1]
2008-08-12 12:22:22 Notice: Notice (8): Undefined index:  name in [APP/views/elements/email/text/simple_message.ctp, line 7]
2008-08-12 12:22:22 Notice: Notice (8): Undefined index:  surname in [APP/views/elements/email/text/simple_message.ctp, line 7]
2008-08-12 12:25:11 Notice: Notice (8): Undefined index:  name in [APP/views/elements/email/text/simple_message.ctp, line 1]
2008-08-12 12:25:11 Notice: Notice (8): Undefined index:  surname in [APP/views/elements/email/text/simple_message.ctp, line 1]
2008-08-12 12:25:11 Notice: Notice (8): Undefined index:  name in [APP/views/elements/email/text/simple_message.ctp, line 7]
2008-08-12 12:25:11 Notice: Notice (8): Undefined index:  surname in [APP/views/elements/email/text/simple_message.ctp, line 7]
2008-08-12 13:18:48 Notice: Notice (8): Undefined index:  data in [APP/controllers/users_controller.php, line 44]
2008-08-12 13:18:56 Notice: Notice (8): Undefined index:  name in [APP/views/elements/email/text/simple_message.ctp, line 1]
2008-08-12 13:18:56 Notice: Notice (8): Undefined index:  surname in [APP/views/elements/email/text/simple_message.ctp, line 1]
2008-08-12 13:18:56 Notice: Notice (8): Undefined index:  name in [APP/views/elements/email/text/simple_message.ctp, line 7]
2008-08-12 13:18:56 Notice: Notice (8): Undefined index:  surname in [APP/views/elements/email/text/simple_message.ctp, line 7]
2008-08-12 13:20:40 Notice: Notice (8): Undefined index:  data in [APP/controllers/users_controller.php, line 44]
2008-08-12 13:20:47 Notice: Notice (8): Undefined index:  name in [APP/views/elements/email/text/simple_message.ctp, line 1]
2008-08-12 13:20:47 Notice: Notice (8): Undefined index:  surname in [APP/views/elements/email/text/simple_message.ctp, line 1]
2008-08-12 13:20:47 Notice: Notice (8): Undefined index:  name in [APP/views/elements/email/text/simple_message.ctp, line 7]
2008-08-12 13:20:47 Notice: Notice (8): Undefined index:  surname in [APP/views/elements/email/text/simple_message.ctp, line 7]
2008-08-12 15:24:55 Notice: Notice (8): Undefined index:  data in [APP/controllers/users_controller.php, line 44]
2008-08-12 16:37:59 Notice: Notice (8): Undefined index:  data in [APP/controllers/users_controller.php, line 44]
2008-08-12 16:38:19 Notice: Notice (8): Undefined index:  name in [APP/views/elements/email/text/simple_message.ctp, line 1]
2008-08-12 16:38:19 Notice: Notice (8): Undefined index:  surname in [APP/views/elements/email/text/simple_message.ctp, line 1]
2008-08-12 16:38:19 Notice: Notice (8): Undefined index:  name in [APP/views/elements/email/text/simple_message.ctp, line 7]
2008-08-12 16:38:19 Notice: Notice (8): Undefined index:  surname in [APP/views/elements/email/text/simple_message.ctp, line 7]
2008-08-12 16:40:14 Notice: Notice (8): Undefined index:  name in [APP/views/elements/email/text/simple_message.ctp, line 1]
2008-08-12 16:40:14 Notice: Notice (8): Undefined index:  surname in [APP/views/elements/email/text/simple_message.ctp, line 1]
2008-08-12 16:40:14 Notice: Notice (8): Undefined index:  name in [APP/views/elements/email/text/simple_message.ctp, line 7]
2008-08-12 16:40:14 Notice: Notice (8): Undefined index:  surname in [APP/views/elements/email/text/simple_message.ctp, line 7]
2008-08-12 16:43:29 Notice: Notice (8): Undefined index:  name in [APP/views/elements/email/text/simple_message.ctp, line 1]
2008-08-12 16:43:29 Notice: Notice (8): Undefined index:  surname in [APP/views/elements/email/text/simple_message.ctp, line 1]
2008-08-12 16:43:30 Notice: Notice (8): Undefined index:  name in [APP/views/elements/email/text/simple_message.ctp, line 7]
2008-08-12 16:43:30 Notice: Notice (8): Undefined index:  surname in [APP/views/elements/email/text/simple_message.ctp, line 7]
2008-08-12 16:48:29 Notice: Notice (8): Undefined index:  name in [APP/views/elements/email/text/simple_message.ctp, line 1]
2008-08-12 16:48:29 Notice: Notice (8): Undefined index:  surname in [APP/views/elements/email/text/simple_message.ctp, line 1]
2008-08-12 16:48:29 Notice: Notice (8): Undefined index:  name in [APP/views/elements/email/text/simple_message.ctp, line 7]
2008-08-12 16:48:29 Notice: Notice (8): Undefined index:  surname in [APP/views/elements/email/text/simple_message.ctp, line 7]
2008-08-12 16:50:38 Notice: Notice (8): Undefined index:  name in [APP/views/elements/email/text/simple_message.ctp, line 1]
2008-08-12 16:50:38 Notice: Notice (8): Undefined index:  surname in [APP/views/elements/email/text/simple_message.ctp, line 1]
2008-08-12 16:50:38 Notice: Notice (8): Undefined index:  name in [APP/views/elements/email/text/simple_message.ctp, line 7]
2008-08-12 16:50:38 Notice: Notice (8): Undefined index:  surname in [APP/views/elements/email/text/simple_message.ctp, line 7]
2008-08-12 16:52:02 Notice: Notice (8): Undefined index:  name in [APP/views/elements/email/text/simple_message.ctp, line 1]
2008-08-12 16:52:02 Notice: Notice (8): Undefined index:  surname in [APP/views/elements/email/text/simple_message.ctp, line 1]
2008-08-12 16:52:02 Notice: Notice (8): Undefined index:  name in [APP/views/elements/email/text/simple_message.ctp, line 7]
2008-08-12 16:52:02 Notice: Notice (8): Undefined index:  surname in [APP/views/elements/email/text/simple_message.ctp, line 7]
2008-08-12 16:52:54 Notice: Notice (8): Undefined index:  name in [APP/views/elements/email/text/simple_message.ctp, line 1]
2008-08-12 16:52:54 Notice: Notice (8): Undefined index:  surname in [APP/views/elements/email/text/simple_message.ctp, line 1]
2008-08-12 16:52:54 Notice: Notice (8): Undefined index:  name in [APP/views/elements/email/text/simple_message.ctp, line 7]
2008-08-12 16:52:54 Notice: Notice (8): Undefined index:  surname in [APP/views/elements/email/text/simple_message.ctp, line 7]
2008-08-12 16:52:54 Notice: Notice (8): Undefined property: User::$password in [APP/controllers/users_controller.php, line 83]
2008-08-12 16:53:26 Notice: Notice (8): Undefined index:  data in [APP/controllers/users_controller.php, line 44]
2008-08-12 16:53:29 Notice: Notice (8): Undefined index:  name in [APP/views/elements/email/text/simple_message.ctp, line 1]
2008-08-12 16:53:29 Notice: Notice (8): Undefined index:  surname in [APP/views/elements/email/text/simple_message.ctp, line 1]
2008-08-12 16:53:29 Notice: Notice (8): Undefined index:  name in [APP/views/elements/email/text/simple_message.ctp, line 7]
2008-08-12 16:53:29 Notice: Notice (8): Undefined index:  surname in [APP/views/elements/email/text/simple_message.ctp, line 7]
2008-08-12 16:53:29 Notice: Notice (8): Undefined property: User::$Password in [APP/controllers/users_controller.php, line 83]
2008-08-12 16:55:53 Notice: Notice (8): Undefined index:  data in [APP/controllers/users_controller.php, line 44]
2008-08-12 17:02:33 Notice: Notice (8): Undefined index:  data in [APP/controllers/users_controller.php, line 44]
2008-08-12 17:02:36 Notice: Notice (8): Undefined index:  name in [APP/views/elements/email/text/simple_message.ctp, line 1]
2008-08-12 17:02:36 Notice: Notice (8): Undefined index:  surname in [APP/views/elements/email/text/simple_message.ctp, line 1]
2008-08-12 17:02:36 Notice: Notice (8): Undefined index:  name in [APP/views/elements/email/text/simple_message.ctp, line 7]
2008-08-12 17:02:36 Notice: Notice (8): Undefined index:  surname in [APP/views/elements/email/text/simple_message.ctp, line 7]
2008-08-12 17:02:37 Notice: Notice (8): Undefined property: User::$password in [APP/controllers/users_controller.php, line 84]
2008-08-12 17:03:39 Notice: Notice (8): Undefined index:  name in [APP/views/elements/email/text/simple_message.ctp, line 1]
2008-08-12 17:03:39 Notice: Notice (8): Undefined index:  surname in [APP/views/elements/email/text/simple_message.ctp, line 1]
2008-08-12 17:03:39 Notice: Notice (8): Undefined index:  name in [APP/views/elements/email/text/simple_message.ctp, line 7]
2008-08-12 17:03:39 Notice: Notice (8): Undefined index:  surname in [APP/views/elements/email/text/simple_message.ctp, line 7]
2008-08-12 17:03:39 Notice: Notice (8): Undefined property: User::$Password in [APP/controllers/users_controller.php, line 84]
2008-08-12 17:03:44 Notice: Notice (8): Undefined index:  name in [APP/views/elements/email/text/simple_message.ctp, line 1]
2008-08-12 17:03:44 Notice: Notice (8): Undefined index:  surname in [APP/views/elements/email/text/simple_message.ctp, line 1]
2008-08-12 17:03:44 Notice: Notice (8): Undefined index:  name in [APP/views/elements/email/text/simple_message.ctp, line 7]
2008-08-12 17:03:44 Notice: Notice (8): Undefined index:  surname in [APP/views/elements/email/text/simple_message.ctp, line 7]
2008-08-12 17:03:44 Notice: Notice (8): Undefined property: User::$Password in [APP/controllers/users_controller.php, line 84]
2008-08-12 17:05:34 Notice: Notice (8): Undefined index:  name in [APP/views/elements/email/text/simple_message.ctp, line 1]
2008-08-12 17:05:34 Notice: Notice (8): Undefined index:  surname in [APP/views/elements/email/text/simple_message.ctp, line 1]
2008-08-12 17:05:34 Notice: Notice (8): Undefined index:  name in [APP/views/elements/email/text/simple_message.ctp, line 7]
2008-08-12 17:05:34 Notice: Notice (8): Undefined index:  surname in [APP/views/elements/email/text/simple_message.ctp, line 7]
2008-08-12 17:07:02 Notice: Notice (8): Undefined variable: user in [APP/controllers/users_controller.php, line 64]
2008-08-12 17:09:44 Notice: Notice (8): Undefined property: UsersController::$user in [APP/controllers/users_controller.php, line 64]
2008-08-12 17:09:44 Notice: Notice (8): Undefined property: UsersController::$user in [APP/controllers/users_controller.php, line 83]
2008-08-12 17:11:08 Notice: Notice (8): Undefined property: UsersController::$user in [APP/controllers/users_controller.php, line 64]
2008-08-12 17:11:08 Notice: Notice (8): Undefined property: UsersController::$user in [APP/controllers/users_controller.php, line 83]
2008-08-12 17:12:36 Notice: Notice (8): Undefined variable: User in [APP/views/elements/email/text/simple_message.ctp, line 1]
2008-08-12 17:12:36 Notice: Notice (8): Undefined variable: User in [APP/views/elements/email/text/simple_message.ctp, line 7]
2008-08-12 17:12:36 Notice: Notice (8): Undefined property: UsersController::$user in [APP/controllers/users_controller.php, line 83]
2008-08-12 17:15:30 Notice: Notice (8): Undefined variable: User in [APP/views/elements/email/text/simple_message.ctp, line 1]
2008-08-12 17:15:30 Notice: Notice (8): Undefined variable: User in [APP/views/elements/email/text/simple_message.ctp, line 7]
2008-08-12 17:16:15 Notice: Notice (8): Undefined variable: User in [APP/views/elements/email/text/simple_message.ctp, line 1]
2008-08-12 17:16:15 Notice: Notice (8): Undefined variable: User in [APP/views/elements/email/text/simple_message.ctp, line 7]
2008-08-12 17:16:15 Notice: Notice (8): Trying to get property of non-object in [APP/controllers/users_controller.php, line 85]
2008-08-12 17:16:43 Notice: Notice (8): Undefined variable: User in [APP/views/elements/email/text/simple_message.ctp, line 1]
2008-08-12 17:16:43 Notice: Notice (8): Undefined variable: User in [APP/views/elements/email/text/simple_message.ctp, line 7]
2008-08-12 17:16:43 Notice: Notice (8): Trying to get property of non-object in [APP/controllers/users_controller.php, line 85]
2008-08-12 17:17:24 Notice: Notice (8): Undefined variable: User in [APP/views/elements/email/text/simple_message.ctp, line 1]
2008-08-12 17:17:24 Notice: Notice (8): Undefined variable: User in [APP/views/elements/email/text/simple_message.ctp, line 7]
2008-08-12 17:17:24 Notice: Notice (8): Trying to get property of non-object in [APP/controllers/users_controller.php, line 85]
2008-08-12 17:18:14 Notice: Notice (8): Undefined index:  data in [APP/controllers/users_controller.php, line 45]
2008-08-12 17:18:16 Notice: Notice (8): Undefined variable: User in [APP/views/elements/email/text/simple_message.ctp, line 1]
2008-08-12 17:18:16 Notice: Notice (8): Undefined variable: User in [APP/views/elements/email/text/simple_message.ctp, line 7]
2008-08-12 17:18:16 Notice: Notice (8): Trying to get property of non-object in [APP/controllers/users_controller.php, line 85]
2008-08-12 17:19:18 Notice: Notice (8): Undefined index:  data in [APP/controllers/users_controller.php, line 45]
2008-08-12 17:19:49 Notice: Notice (8): Undefined variable: User in [APP/views/elements/email/text/simple_message.ctp, line 1]
2008-08-12 17:19:49 Notice: Notice (8): Undefined variable: User in [APP/views/elements/email/text/simple_message.ctp, line 7]
2008-08-12 17:20:56 Notice: Notice (8): Undefined variable: User in [APP/views/elements/email/text/simple_message.ctp, line 1]
2008-08-12 17:20:56 Notice: Notice (8): Undefined variable: User in [APP/views/elements/email/text/simple_message.ctp, line 7]
2008-08-12 17:22:41 Notice: Notice (8): Undefined variable: User in [APP/views/elements/email/text/simple_message.ctp, line 1]
2008-08-12 17:22:41 Notice: Notice (8): Undefined variable: User in [APP/views/elements/email/text/simple_message.ctp, line 7]
2008-08-13 09:28:36 Notice: Notice (8): Undefined index:  data in [APP/controllers/users_controller.php, line 44]
