
2009-04-18 12:42:08 Warning: Warning (2): Cannot modify header information - headers already sent by (output started at C:\xampp\htdocs\uye\cake\basics.php:111) in [CORE\cake\libs\controller\controller.php, line 640]
2009-04-18 13:18:23 Warning: Warning (2): Cannot modify header information - headers already sent by (output started at C:\xampp\htdocs\uye\cake\basics.php:312) in [CORE\cake\libs\controller\controller.php, line 640]
2009-04-18 13:19:32 Warning: Warning (2): Cannot modify header information - headers already sent by (output started at C:\xampp\htdocs\uye\cake\basics.php:111) in [CORE\cake\libs\controller\controller.php, line 640]
2009-04-18 13:52:10 Warning: Warning (512): <span style = "color:Red;text-align:left"><b>SQL Error:</b> 1054: Unknown column 'MaillistsMember.maillist_id' in 'on clause'</span> in [CORE\cake\libs\model\datasources\dbo_source.php, line 525]
2009-04-18 13:52:11 Warning: Warning (512): <span style = "color:Red;text-align:left"><b>SQL Error:</b> 1054: Unknown column 'MaillistsMember.maillist_id' in 'on clause'</span> in [CORE\cake\libs\model\datasources\dbo_source.php, line 525]
2009-04-18 14:07:29 Warning: Warning (512): <span style = "color:Red;text-align:left"><b>SQL Error:</b> 1054: Unknown column 'Array' in 'field list'</span> in [CORE\cake\libs\model\datasources\dbo_source.php, line 525]
2009-04-18 14:08:00 Warning: Warning (512): <span style = "color:Red;text-align:left"><b>SQL Error:</b> 1062: Duplicate entry '1233' for key 'members_unique1'</span> in [CORE\cake\libs\model\datasources\dbo_source.php, line 525]
2009-04-18 14:08:46 Warning: Warning (512): <span style = "color:Red;text-align:left"><b>SQL Error:</b> 1062: Duplicate entry '1233' for key 'members_unique1'</span> in [CORE\cake\libs\model\datasources\dbo_source.php, line 525]
2009-04-18 14:09:02 Warning: Warning (512): <span style = "color:Red;text-align:left"><b>SQL Error:</b> 1054: Unknown column 'Array' in 'field list'</span> in [CORE\cake\libs\model\datasources\dbo_source.php, line 525]
2009-04-18 14:09:29 Warning: Warning (512): <span style = "color:Red;text-align:left"><b>SQL Error:</b> 1062: Duplicate entry '1231' for key 'members_unique1'</span> in [CORE\cake\libs\model\datasources\dbo_source.php, line 525]
2009-04-18 14:09:55 Warning: Warning (512): <span style = "color:Red;text-align:left"><b>SQL Error:</b> 1062: Duplicate entry '1231' for key 'members_unique1'</span> in [CORE\cake\libs\model\datasources\dbo_source.php, line 525]
2009-04-18 14:09:59 Warning: Warning (2): Cannot modify header information - headers already sent by (output started at C:\xampp\htdocs\uye\cake\basics.php:312) in [CORE\cake\libs\controller\controller.php, line 640]
2009-04-18 14:10:20 Warning: Warning (512): <span style = "color:Red;text-align:left"><b>SQL Error:</b> 1054: Unknown column 'MaillistsMember.maillist_id' in 'on clause'</span> in [CORE\cake\libs\model\datasources\dbo_source.php, line 525]
2009-04-18 14:10:21 Warning: Warning (512): <span style = "color:Red;text-align:left"><b>SQL Error:</b> 1054: Unknown column 'MaillistsMember.maillist_id' in 'on clause'</span> in [CORE\cake\libs\model\datasources\dbo_source.php, line 525]
2009-04-18 14:53:26 Warning: Warning (2): preg_match() [<a href='http://php.net/function.preg-match'>function.preg-match</a>]: Delimiter must not be alphanumeric or backslash in [CORE\cake\libs\model\model.php, line 2429]
2009-04-18 14:55:49 Warning: Warning (512): <span style = "color:Red;text-align:left"><b>SQL Error:</b> 1064: You have an error in your SQL syntax; check the manual that corresponds to your MySQL server version for the right syntax to use near 'validationErrors' at line 1</span> in [CORE\cake\libs\model\datasources\dbo_source.php, line 525]
2009-04-18 15:04:59 Warning: Warning (512): <span style = "color:Red;text-align:left"><b>SQL Error:</b> 1054: Unknown column 'MaillistsMember.maillist_id' in 'on clause'</span> in [CORE\cake\libs\model\datasources\dbo_source.php, line 525]
2009-04-18 15:05:01 Warning: Warning (512): <span style = "color:Red;text-align:left"><b>SQL Error:</b> 1054: Unknown column 'MaillistsMember.maillist_id' in 'on clause'</span> in [CORE\cake\libs\model\datasources\dbo_source.php, line 525]
2009-04-18 15:22:13 Warning: Warning (512): <span style = "color:Red;text-align:left"><b>SQL Error:</b> 1054: Unknown column 'MaillistsMember.maillist_id' in 'on clause'</span> in [CORE\cake\libs\model\datasources\dbo_source.php, line 525]
2009-04-18 15:22:14 Warning: Warning (512): <span style = "color:Red;text-align:left"><b>SQL Error:</b> 1054: Unknown column 'MaillistsMember.maillist_id' in 'on clause'</span> in [CORE\cake\libs\model\datasources\dbo_source.php, line 525]
2009-04-18 15:26:59 Warning: Warning (512): <span style = "color:Red;text-align:left"><b>SQL Error:</b> 1054: Unknown column 'MaillistsMember.maillist_id' in 'on clause'</span> in [CORE\cake\libs\model\datasources\dbo_source.php, line 525]
2009-04-18 15:27:00 Warning: Warning (512): <span style = "color:Red;text-align:left"><b>SQL Error:</b> 1054: Unknown column 'MaillistsMember.maillist_id' in 'on clause'</span> in [CORE\cake\libs\model\datasources\dbo_source.php, line 525]
2009-04-18 15:29:12 Warning: Warning (512): <span style = "color:Red;text-align:left"><b>SQL Error:</b> 1054: Unknown column 'MaillistsMember.maillist_id' in 'on clause'</span> in [CORE\cake\libs\model\datasources\dbo_source.php, line 525]
2009-04-18 15:43:29 Warning: Warning (512): <span style = "color:Red;text-align:left"><b>SQL Error:</b> 1054: Unknown column 'MaillistsMember.maillist_id' in 'on clause'</span> in [CORE\cake\libs\model\datasources\dbo_source.php, line 525]
2009-04-18 15:43:30 Warning: Warning (512): <span style = "color:Red;text-align:left"><b>SQL Error:</b> 1054: Unknown column 'MaillistsMember.maillist_id' in 'on clause'</span> in [CORE\cake\libs\model\datasources\dbo_source.php, line 525]
2009-04-18 15:44:26 Warning: Warning (512): <span style = "color:Red;text-align:left"><b>SQL Error:</b> 1054: Unknown column 'MaillistsMember.maillist_id' in 'on clause'</span> in [CORE\cake\libs\model\datasources\dbo_source.php, line 525]
2009-04-18 15:53:10 Warning: Warning (512): Method JavascriptHelper::include does not exist in [CORE\cake\libs\view\helper.php, line 143]
2009-04-18 15:53:32 Warning: Warning (512): Method JavascriptHelper::include does not exist in [CORE\cake\libs\view\helper.php, line 143]
2009-04-18 16:05:47 Warning: Warning (512): <span style = "color:Red;text-align:left"><b>SQL Error:</b> 1054: Unknown column 'Member.email' in 'where clause'</span> in [CORE\cake\libs\model\datasources\dbo_source.php, line 525]
2009-04-18 16:10:59 Warning: Warning (2): Invalid argument supplied for foreach() in [APP\views\members\search.ctp, line 2]
2009-04-18 16:11:05 Warning: Warning (2): Invalid argument supplied for foreach() in [APP\views\members\search.ctp, line 2]
2009-04-18 16:11:06 Warning: Warning (2): Invalid argument supplied for foreach() in [APP\views\members\search.ctp, line 2]
2009-04-18 16:11:36 Warning: Warning (2): Invalid argument supplied for foreach() in [APP\views\members\search.ctp, line 2]
2009-04-18 16:12:22 Warning: Warning (2): Invalid argument supplied for foreach() in [APP\views\members\search.ctp, line 2]
2009-04-18 16:12:25 Warning: Warning (2): Invalid argument supplied for foreach() in [APP\views\members\search.ctp, line 2]
2009-04-18 16:12:25 Warning: Warning (2): Invalid argument supplied for foreach() in [APP\views\members\search.ctp, line 2]
2009-04-18 16:12:28 Warning: Warning (2): Invalid argument supplied for foreach() in [APP\views\members\search.ctp, line 2]
2009-04-18 16:14:09 Warning: Warning (2): Invalid argument supplied for foreach() in [APP\views\members\search.ctp, line 2]
2009-04-18 16:15:02 Warning: Warning (512): <span style = "color:Red;text-align:left"><b>SQL Error:</b> 1054: Unknown column 'MaillistsMember.maillist_id' in 'on clause'</span> in [CORE\cake\libs\model\datasources\dbo_source.php, line 525]
2009-04-18 16:28:33 Warning: Warning (2): Cannot modify header information - headers already sent by (output started at C:\xampp\htdocs\uye\cake\basics.php:312) in [CORE\cake\libs\controller\controller.php, line 640]
2009-04-18 16:28:48 Warning: Warning (512): <span style = "color:Red;text-align:left"><b>SQL Error:</b> 1062: Duplicate entry '1231232' for key 'members_unique1'</span> in [CORE\cake\libs\model\datasources\dbo_source.php, line 525]
2009-04-18 16:33:05 Warning: Warning (512): <span style = "color:Red;text-align:left"><b>SQL Error:</b> 1054: Unknown column 'MaillistsMember.maillist_id' in 'on clause'</span> in [CORE\cake\libs\model\datasources\dbo_source.php, line 525]
2009-04-18 16:34:51 Warning: Warning (512): <span style = "color:Red;text-align:left"><b>SQL Error:</b> 1054: Unknown column 'MaillistsMember.maillist_id' in 'on clause'</span> in [CORE\cake\libs\model\datasources\dbo_source.php, line 525]
2009-04-18 16:34:54 Warning: Warning (512): <span style = "color:Red;text-align:left"><b>SQL Error:</b> 1054: Unknown column 'MaillistsMember.maillist_id' in 'on clause'</span> in [CORE\cake\libs\model\datasources\dbo_source.php, line 525]
2009-04-18 16:34:55 Warning: Warning (512): <span style = "color:Red;text-align:left"><b>SQL Error:</b> 1054: Unknown column 'MaillistsMember.maillist_id' in 'on clause'</span> in [CORE\cake\libs\model\datasources\dbo_source.php, line 525]
2009-04-18 16:46:28 Warning: Warning (512): <span style = "color:Red;text-align:left"><b>SQL Error:</b> 1054: Unknown column 'MaillistsMember.maillist_id' in 'on clause'</span> in [CORE\cake\libs\model\datasources\dbo_source.php, line 525]
2009-04-18 16:48:29 Warning: Warning (512): <span style = "color:Red;text-align:left"><b>SQL Error:</b> 1054: Unknown column 'MaillistsMember.maillist_id' in 'on clause'</span> in [CORE\cake\libs\model\datasources\dbo_source.php, line 525]
2009-04-18 16:49:12 Warning: Warning (2): Cannot modify header information - headers already sent by (output started at C:\xampp\htdocs\uye\cake\basics.php:312) in [CORE\cake\libs\controller\controller.php, line 640]
2009-04-18 16:49:42 Warning: Warning (2): Cannot modify header information - headers already sent by (output started at C:\xampp\htdocs\uye\cake\basics.php:312) in [CORE\cake\libs\controller\controller.php, line 640]
2009-04-18 16:50:30 Warning: Warning (512): <span style = "color:Red;text-align:left"><b>SQL Error:</b> 1054: Unknown column 'MaillistsMember.maillist_id' in 'on clause'</span> in [CORE\cake\libs\model\datasources\dbo_source.php, line 525]
2009-04-18 16:50:37 Warning: Warning (2): Cannot modify header information - headers already sent by (output started at C:\xampp\htdocs\uye\app\controllers\accounts_controller.php:69) in [CORE\cake\libs\controller\controller.php, line 640]
2009-04-18 16:51:20 Warning: Warning (512): <span style = "color:Red;text-align:left"><b>SQL Error:</b> 1054: Unknown column 'MaillistsMember.maillist_id' in 'on clause'</span> in [CORE\cake\libs\model\datasources\dbo_source.php, line 525]
2009-04-18 16:51:26 Warning: Warning (512): <span style = "color:Red;text-align:left"><b>SQL Error:</b> 1054: Unknown column 'MaillistsMember.maillist_id' in 'on clause'</span> in [CORE\cake\libs\model\datasources\dbo_source.php, line 525]
2009-04-18 16:51:30 Warning: Warning (512): <span style = "color:Red;text-align:left"><b>SQL Error:</b> 1054: Unknown column 'MaillistsMember.maillist_id' in 'on clause'</span> in [CORE\cake\libs\model\datasources\dbo_source.php, line 525]
2009-04-18 16:52:54 Warning: Warning (512): <span style = "color:Red;text-align:left"><b>SQL Error:</b> 1054: Unknown column 'MaillistsMember.maillist_id' in 'on clause'</span> in [CORE\cake\libs\model\datasources\dbo_source.php, line 525]
2009-04-18 16:52:59 Warning: Warning (512): <span style = "color:Red;text-align:left"><b>SQL Error:</b> 1054: Unknown column 'MaillistsMember.maillist_id' in 'on clause'</span> in [CORE\cake\libs\model\datasources\dbo_source.php, line 525]
2009-04-18 16:53:40 Warning: Warning (512): <span style = "color:Red;text-align:left"><b>SQL Error:</b> 1054: Unknown column 'MaillistsMember.maillist_id' in 'on clause'</span> in [CORE\cake\libs\model\datasources\dbo_source.php, line 525]
2009-04-18 16:54:40 Warning: Warning (512): <span style = "color:Red;text-align:left"><b>SQL Error:</b> 1054: Unknown column 'MaillistsMember.maillist_id' in 'on clause'</span> in [CORE\cake\libs\model\datasources\dbo_source.php, line 525]
2009-04-18 16:56:14 Warning: Warning (512): <span style = "color:Red;text-align:left"><b>SQL Error:</b> 1054: Unknown column 'MaillistsMember.maillist_id' in 'on clause'</span> in [CORE\cake\libs\model\datasources\dbo_source.php, line 525]
2009-04-18 16:59:07 Warning: Warning (512): <span style = "color:Red;text-align:left"><b>SQL Error:</b> 1054: Unknown column 'MaillistsMember.maillist_id' in 'on clause'</span> in [CORE\cake\libs\model\datasources\dbo_source.php, line 525]
2009-04-18 17:03:51 Warning: Warning (512): <span style = "color:Red;text-align:left"><b>SQL Error:</b> 1054: Unknown column 'MaillistsMember.maillist_id' in 'on clause'</span> in [CORE\cake\libs\model\datasources\dbo_source.php, line 525]
2009-04-18 17:04:05 Warning: Warning (512): <span style = "color:Red;text-align:left"><b>SQL Error:</b> 1054: Unknown column 'MaillistsMember.maillist_id' in 'on clause'</span> in [CORE\cake\libs\model\datasources\dbo_source.php, line 525]
2009-04-18 17:11:24 Warning: Warning (512): <span style = "color:Red;text-align:left"><b>SQL Error:</b> 1054: Unknown column 'MaillistsMember.maillist_id' in 'on clause'</span> in [CORE\cake\libs\model\datasources\dbo_source.php, line 525]
2009-04-18 17:13:05 Warning: Warning (512): <span style = "color:Red;text-align:left"><b>SQL Error:</b> 1054: Unknown column 'MaillistsMember.maillist_id' in 'on clause'</span> in [CORE\cake\libs\model\datasources\dbo_source.php, line 525]
2009-04-18 17:13:09 Warning: Warning (512): <span style = "color:Red;text-align:left"><b>SQL Error:</b> 1054: Unknown column 'MaillistsMember.maillist_id' in 'on clause'</span> in [CORE\cake\libs\model\datasources\dbo_source.php, line 525]
2009-04-18 17:14:59 Warning: Warning (512): <span style = "color:Red;text-align:left"><b>SQL Error:</b> 1054: Unknown column 'MaillistsMember.maillist_id' in 'on clause'</span> in [CORE\cake\libs\model\datasources\dbo_source.php, line 525]
